<?xml version="1.0" encoding="UTF-8"?>
<testsuite name="treesolve.GetRandomNumberTests" tests="3" skipped="0" failures="0" errors="0" timestamp="2023-01-11T19:24:59" hostname="RoryLiam" time="0.004">
  <properties/>
  <testcase name="testGetRandomNumber_minMax" classname="treesolve.GetRandomNumberTests" time="0.0"/>
  <testcase name="testGetRandomNumber_withinRange" classname="treesolve.GetRandomNumberTests" time="0.001"/>
  <testcase name="testGetRandomNumber_invalidRange" classname="treesolve.GetRandomNumberTests" time="0.0"/>
  <system-out><![CDATA[]]></system-out>
  <system-err><![CDATA[]]></system-err>
</testsuite>
