<?xml version="1.0" encoding="UTF-8"?>
<testsuite name="treesolve.SmallChangeTests" tests="3" skipped="0" failures="0" errors="0" timestamp="2023-01-11T19:25:00" hostname="RoryLiam" time="0.002">
  <properties/>
  <testcase name="testSmallChange_closestLowerInLhs" classname="treesolve.SmallChangeTests" time="0.001"/>
  <testcase name="testSmallChange_noClosestLowerInLhs" classname="treesolve.SmallChangeTests" time="0.0"/>
  <testcase name="testSmallChange_emptyLhs" classname="treesolve.SmallChangeTests" time="0.001"/>
  <system-out><![CDATA[]]></system-out>
  <system-err><![CDATA[]]></system-err>
</testsuite>
