<?xml version="1.0" encoding="UTF-8"?>
<testsuite name="treesolve.PrintMapKVPTests" tests="3" skipped="0" failures="0" errors="0" timestamp="2023-01-11T19:25:00" hostname="RoryLiam" time="0.003">
  <properties/>
  <testcase name="testPrintMapKVP_nullMap" classname="treesolve.PrintMapKVPTests" time="0.001"/>
  <testcase name="testPrintMapKVP" classname="treesolve.PrintMapKVPTests" time="0.001"/>
  <testcase name="testPrintMapKVP_emptyMap" classname="treesolve.PrintMapKVPTests" time="0.001"/>
  <system-out><![CDATA[]]></system-out>
  <system-err><![CDATA[]]></system-err>
</testsuite>
