<?xml version="1.0" encoding="UTF-8"?>
<testsuite name="treesolve.DiffAsPosiPercTests" tests="4" skipped="0" failures="0" errors="0" timestamp="2023-01-11T19:24:59" hostname="RoryLiam" time="0.011">
  <properties/>
  <testcase name="testDiffAsPosiPerc_positive" classname="treesolve.DiffAsPosiPercTests" time="0.008"/>
  <testcase name="testDiffAsPosiPerc_negative" classname="treesolve.DiffAsPosiPercTests" time="0.001"/>
  <testcase name="testDiffAsPosiPerc_zeroTarget" classname="treesolve.DiffAsPosiPercTests" time="0.001"/>
  <testcase name="testDiffAsPosiPerc_zero" classname="treesolve.DiffAsPosiPercTests" time="0.001"/>
  <system-out><![CDATA[]]></system-out>
  <system-err><![CDATA[]]></system-err>
</testsuite>
