<?xml version="1.0" encoding="UTF-8"?>
<testsuite name="treesolve.IsEvenTests" tests="4" skipped="0" failures="0" errors="0" timestamp="2023-01-11T19:25:00" hostname="RoryLiam" time="0.002">
  <properties/>
  <testcase name="testIsEven_odd" classname="treesolve.IsEvenTests" time="0.0"/>
  <testcase name="testIsEven_minMax" classname="treesolve.IsEvenTests" time="0.001"/>
  <testcase name="testIsEven_even" classname="treesolve.IsEvenTests" time="0.0"/>
  <testcase name="testIsEven_zero" classname="treesolve.IsEvenTests" time="0.001"/>
  <system-out><![CDATA[]]></system-out>
  <system-err><![CDATA[]]></system-err>
</testsuite>
